<?xml version="1.0" encoding="UTF-8"?>
<testsuite name="de.ProPra.Lending.LendingApplicationTests" tests="1" skipped="0" failures="0" errors="0" timestamp="2019-02-14T11:03:48" hostname="Progri-X756UV" time="0.057">
  <properties/>
  <testcase name="contextLoads" classname="de.ProPra.Lending.LendingApplicationTests" time="0.057"/>
  <system-out><![CDATA[12:03:41.955 [Test worker] DEBUG org.springframework.test.context.junit4.SpringJUnit4ClassRunner - SpringJUnit4ClassRunner constructor called with [class de.ProPra.Lending.LendingApplicationTests]
12:03:41.965 [Test worker] DEBUG org.springframework.test.context.BootstrapUtils - Instantiating CacheAwareContextLoaderDelegate from class [org.springframework.test.context.cache.DefaultCacheAwareContextLoaderDelegate]
12:03:41.972 [Test worker] DEBUG org.springframework.test.context.BootstrapUtils - Instantiating BootstrapContext using constructor [public org.springframework.test.context.support.DefaultBootstrapContext(java.lang.Class,org.springframework.test.context.CacheAwareContextLoaderDelegate)]
12:03:41.992 [Test worker] DEBUG org.springframework.test.context.BootstrapUtils - Instantiating TestContextBootstrapper for test class [de.ProPra.Lending.LendingApplicationTests] from class [org.springframework.boot.test.context.SpringBootTestContextBootstrapper]
12:03:42.001 [Test worker] INFO org.springframework.boot.test.context.SpringBootTestContextBootstrapper - Neither @ContextConfiguration nor @ContextHierarchy found for test class [de.ProPra.Lending.LendingApplicationTests], using SpringBootContextLoader
12:03:42.004 [Test worker] DEBUG org.springframework.test.context.support.AbstractContextLoader - Did not detect default resource location for test class [de.ProPra.Lending.LendingApplicationTests]: class path resource [de/ProPra/Lending/LendingApplicationTests-context.xml] does not exist
12:03:42.005 [Test worker] DEBUG org.springframework.test.context.support.AbstractContextLoader - Did not detect default resource location for test class [de.ProPra.Lending.LendingApplicationTests]: class path resource [de/ProPra/Lending/LendingApplicationTestsContext.groovy] does not exist
12:03:42.005 [Test worker] INFO org.springframework.test.context.support.AbstractContextLoader - Could not detect default resource locations for test class [de.ProPra.Lending.LendingApplicationTests]: no resource found for suffixes {-context.xml, Context.groovy}.
12:03:42.006 [Test worker] INFO org.springframework.test.context.support.AnnotationConfigContextLoaderUtils - Could not detect default configuration classes for test class [de.ProPra.Lending.LendingApplicationTests]: LendingApplicationTests does not declare any static, non-private, non-final, nested classes annotated with @Configuration.
12:03:42.051 [Test worker] DEBUG org.springframework.test.context.support.ActiveProfilesUtils - Could not find an 'annotation declaring class' for annotation type [org.springframework.test.context.ActiveProfiles] and class [de.ProPra.Lending.LendingApplicationTests]
12:03:42.118 [Test worker] DEBUG org.springframework.context.annotation.ClassPathScanningCandidateComponentProvider - Identified candidate component class: file [/home/prollimus/Schreibtisch/ProPraAbschlussprojekt/abschlussprojekt-so-long-and-thanks-for-all-the-fish/Lending/build/classes/java/main/de/ProPra/Lending/LendingApplication.class]
12:03:42.120 [Test worker] INFO org.springframework.boot.test.context.SpringBootTestContextBootstrapper - Found @SpringBootConfiguration de.ProPra.Lending.LendingApplication for test class de.ProPra.Lending.LendingApplicationTests
12:03:42.225 [Test worker] DEBUG org.springframework.boot.test.context.SpringBootTestContextBootstrapper - @TestExecutionListeners is not present for class [de.ProPra.Lending.LendingApplicationTests]: using defaults.
12:03:42.226 [Test worker] INFO org.springframework.boot.test.context.SpringBootTestContextBootstrapper - Loaded default TestExecutionListener class names from location [META-INF/spring.factories]: [org.springframework.security.test.context.support.WithSecurityContextTestExecutionListener, org.springframework.security.test.context.support.ReactorContextTestExecutionListener, org.springframework.boot.test.autoconfigure.restdocs.RestDocsTestExecutionListener, org.springframework.boot.test.autoconfigure.web.client.MockRestServiceServerResetTestExecutionListener, org.springframework.boot.test.autoconfigure.web.servlet.MockMvcPrintOnlyOnFailureTestExecutionListener, org.springframework.boot.test.autoconfigure.web.servlet.WebDriverTestExecutionListener, org.springframework.boot.test.mock.mockito.MockitoTestExecutionListener, org.springframework.boot.test.mock.mockito.ResetMocksTestExecutionListener, org.springframework.test.context.web.ServletTestExecutionListener, org.springframework.test.context.support.DirtiesContextBeforeModesTestExecutionListener, org.springframework.test.context.support.DependencyInjectionTestExecutionListener, org.springframework.test.context.support.DirtiesContextTestExecutionListener, org.springframework.test.context.transaction.TransactionalTestExecutionListener, org.springframework.test.context.jdbc.SqlScriptsTestExecutionListener]
12:03:42.246 [Test worker] INFO org.springframework.boot.test.context.SpringBootTestContextBootstrapper - Using TestExecutionListeners: [org.springframework.test.context.web.ServletTestExecutionListener@574a3497, org.springframework.test.context.support.DirtiesContextBeforeModesTestExecutionListener@5b2404ff, org.springframework.boot.test.mock.mockito.MockitoTestExecutionListener@5cdfc891, org.springframework.boot.test.autoconfigure.SpringBootDependencyInjectionTestExecutionListener@7107a63b, org.springframework.test.context.support.DirtiesContextTestExecutionListener@776fca00, org.springframework.test.context.transaction.TransactionalTestExecutionListener@c972bee, org.springframework.test.context.jdbc.SqlScriptsTestExecutionListener@2eaef1ad, org.springframework.security.test.context.support.WithSecurityContextTestExecutionListener@62d4ac3d, org.springframework.security.test.context.support.ReactorContextTestExecutionListener@6b6245ad, org.springframework.boot.test.autoconfigure.restdocs.RestDocsTestExecutionListener@5e1fdb74, org.springframework.boot.test.autoconfigure.web.client.MockRestServiceServerResetTestExecutionListener@7e57a83, org.springframework.boot.test.autoconfigure.web.servlet.MockMvcPrintOnlyOnFailureTestExecutionListener@40178b06, org.springframework.boot.test.autoconfigure.web.servlet.WebDriverTestExecutionListener@3921e184, org.springframework.boot.test.mock.mockito.ResetMocksTestExecutionListener@19c559af]
12:03:42.249 [Test worker] DEBUG org.springframework.test.annotation.ProfileValueUtils - Retrieved @ProfileValueSourceConfiguration [null] for test class [de.ProPra.Lending.LendingApplicationTests]
12:03:42.250 [Test worker] DEBUG org.springframework.test.annotation.ProfileValueUtils - Retrieved ProfileValueSource type [class org.springframework.test.annotation.SystemProfileValueSource] for class [de.ProPra.Lending.LendingApplicationTests]
12:03:42.251 [Test worker] DEBUG org.springframework.test.annotation.ProfileValueUtils - Retrieved @ProfileValueSourceConfiguration [null] for test class [de.ProPra.Lending.LendingApplicationTests]
12:03:42.251 [Test worker] DEBUG org.springframework.test.annotation.ProfileValueUtils - Retrieved ProfileValueSource type [class org.springframework.test.annotation.SystemProfileValueSource] for class [de.ProPra.Lending.LendingApplicationTests]
12:03:42.255 [Test worker] DEBUG org.springframework.test.context.support.AbstractDirtiesContextTestExecutionListener - Before test class: context [DefaultTestContext@3dd52605 testClass = LendingApplicationTests, testInstance = [null], testMethod = [null], testException = [null], mergedContextConfiguration = [WebMergedContextConfiguration@3f419fcc testClass = LendingApplicationTests, locations = '{}', classes = '{class de.ProPra.Lending.LendingApplication}', contextInitializerClasses = '[]', activeProfiles = '{}', propertySourceLocations = '{}', propertySourceProperties = '{org.springframework.boot.test.context.SpringBootTestContextBootstrapper=true}', contextCustomizers = set[org.springframework.boot.test.autoconfigure.properties.PropertyMappingContextCustomizer@0, org.springframework.boot.test.autoconfigure.web.servlet.WebDriverContextCustomizerFactory$Customizer@3f435c44, org.springframework.boot.test.context.filter.ExcludeFilterContextCustomizer@7d49d8ab, org.springframework.boot.test.json.DuplicateJsonObjectContextCustomizerFactory$DuplicateJsonObjectContextCustomizer@404cfb20, org.springframework.boot.test.mock.mockito.MockitoContextCustomizer@0, org.springframework.boot.test.web.client.TestRestTemplateContextCustomizer@3e17dbf7, org.springframework.boot.test.web.reactive.server.WebTestClientContextCustomizer@7b3f78ba], resourceBasePath = 'src/main/webapp', contextLoader = 'org.springframework.boot.test.context.SpringBootContextLoader', parent = [null]], attributes = map['org.springframework.test.context.web.ServletTestExecutionListener.activateListener' -> true]], class annotated with @DirtiesContext [false] with mode [null].
12:03:42.256 [Test worker] DEBUG org.springframework.test.annotation.ProfileValueUtils - Retrieved @ProfileValueSourceConfiguration [null] for test class [de.ProPra.Lending.LendingApplicationTests]
12:03:42.256 [Test worker] DEBUG org.springframework.test.annotation.ProfileValueUtils - Retrieved ProfileValueSource type [class org.springframework.test.annotation.SystemProfileValueSource] for class [de.ProPra.Lending.LendingApplicationTests]
12:03:42.276 [Test worker] DEBUG org.springframework.test.context.support.TestPropertySourceUtils - Adding inlined properties to environment: {spring.jmx.enabled=false, org.springframework.boot.test.context.SpringBootTestContextBootstrapper=true, server.port=-1}

  .   ____          _            __ _ _
 /\\ / ___'_ __ _ _(_)_ __  __ _ \ \ \ \
( ( )\___ | '_ | '_| | '_ \/ _` | \ \ \ \
 \\/  ___)| |_)| | | | | || (_| |  ) ) ) )
  '  |____| .__|_| |_|_| |_\__, | / / / /
 =========|_|==============|___/=/_/_/_/
 :: Spring Boot ::        (v2.1.2.RELEASE)

2019-02-14 12:03:42.562  INFO 21679 --- [    Test worker] d.P.Lending.LendingApplicationTests      : Starting LendingApplicationTests on Progri-X756UV with PID 21679 (started by prollimus in /home/prollimus/Schreibtisch/ProPraAbschlussprojekt/abschlussprojekt-so-long-and-thanks-for-all-the-fish/Lending)
2019-02-14 12:03:42.564  INFO 21679 --- [    Test worker] d.P.Lending.LendingApplicationTests      : No active profile set, falling back to default profiles: default
2019-02-14 12:03:43.615  INFO 21679 --- [    Test worker] .s.d.r.c.RepositoryConfigurationDelegate : Bootstrapping Spring Data repositories in DEFAULT mode.
2019-02-14 12:03:43.786  INFO 21679 --- [    Test worker] .s.d.r.c.RepositoryConfigurationDelegate : Finished Spring Data repository scanning in 158ms. Found 4 repository interfaces.
2019-02-14 12:03:44.390  INFO 21679 --- [    Test worker] trationDelegate$BeanPostProcessorChecker : Bean 'org.springframework.transaction.annotation.ProxyTransactionManagementConfiguration' of type [org.springframework.transaction.annotation.ProxyTransactionManagementConfiguration$$EnhancerBySpringCGLIB$$8028525c] is not eligible for getting processed by all BeanPostProcessors (for example: not eligible for auto-proxying)
2019-02-14 12:03:44.437  INFO 21679 --- [    Test worker] trationDelegate$BeanPostProcessorChecker : Bean 'org.springframework.hateoas.config.HateoasConfiguration' of type [org.springframework.hateoas.config.HateoasConfiguration$$EnhancerBySpringCGLIB$$ffa89f8e] is not eligible for getting processed by all BeanPostProcessors (for example: not eligible for auto-proxying)
2019-02-14 12:03:44.792  INFO 21679 --- [    Test worker] com.zaxxer.hikari.HikariDataSource       : HikariPool-1 - Starting...
2019-02-14 12:03:44.982  INFO 21679 --- [    Test worker] com.zaxxer.hikari.HikariDataSource       : HikariPool-1 - Start completed.
2019-02-14 12:03:45.093  INFO 21679 --- [    Test worker] o.hibernate.jpa.internal.util.LogHelper  : HHH000204: Processing PersistenceUnitInfo [
	name: default
	...]
2019-02-14 12:03:45.178  INFO 21679 --- [    Test worker] org.hibernate.Version                    : HHH000412: Hibernate Core {5.3.7.Final}
2019-02-14 12:03:45.181  INFO 21679 --- [    Test worker] org.hibernate.cfg.Environment            : HHH000206: hibernate.properties not found
2019-02-14 12:03:45.342  INFO 21679 --- [    Test worker] o.hibernate.annotations.common.Version   : HCANN000001: Hibernate Commons Annotations {5.0.4.Final}
2019-02-14 12:03:45.485  INFO 21679 --- [    Test worker] org.hibernate.dialect.Dialect            : HHH000400: Using dialect: org.hibernate.dialect.H2Dialect
2019-02-14 12:03:46.203  INFO 21679 --- [    Test worker] o.h.t.schema.internal.SchemaCreatorImpl  : HHH000476: Executing import script 'org.hibernate.tool.schema.internal.exec.ScriptSourceInputNonExistentImpl@152bc7ab'
2019-02-14 12:03:46.206  INFO 21679 --- [    Test worker] j.LocalContainerEntityManagerFactoryBean : Initialized JPA EntityManagerFactory for persistence unit 'default'
2019-02-14 12:03:47.578  INFO 21679 --- [    Test worker] o.s.s.concurrent.ThreadPoolTaskExecutor  : Initializing ExecutorService 'applicationTaskExecutor'
2019-02-14 12:03:47.890  WARN 21679 --- [    Test worker] aWebConfiguration$JpaWebMvcConfiguration : spring.jpa.open-in-view is enabled by default. Therefore, database queries may be performed during view rendering. Explicitly configure spring.jpa.open-in-view to disable this warning
2019-02-14 12:03:48.804  INFO 21679 --- [    Test worker] d.P.Lending.LendingApplicationTests      : Started LendingApplicationTests in 6.52 seconds (JVM running for 7.482)
]]></system-out>
  <system-err><![CDATA[]]></system-err>
</testsuite>
